2025-08-10T12:41:17:  ⚠ Fast Refresh had to perform a full reload due to a runtime error.
2025-08-10T12:42:33:  ⚠ Fast Refresh had to perform a full reload. Read more: https://nextjs.org/docs/messages/fast-refresh-reload
2025-08-10T12:46:56:  ⚠ Fast Refresh had to perform a full reload. Read more: https://nextjs.org/docs/messages/fast-refresh-reload
2025-08-10T12:50:46:  ⚠ Fast Refresh had to perform a full reload due to a runtime error.
2025-08-10T12:52:48:  ⚠ Fast Refresh had to perform a full reload due to a runtime error.
2025-08-10T18:39:36:  ⚠ Fast Refresh had to perform a full reload due to a runtime error.
2025-08-10T18:42:18:  ⚠ Fast Refresh had to perform a full reload due to a runtime error.
2025-08-10T18:47:10:  ⚠ Fast Refresh had to perform a full reload due to a runtime error.
2025-08-10T18:47:10:  ⚠ Fast Refresh had to perform a full reload due to a runtime error.
2025-08-10T18:47:11:  ⚠ Fast Refresh had to perform a full reload due to a runtime error.
2025-08-10T18:50:41:  ⚠ Fast Refresh had to perform a full reload due to a runtime error.
2025-08-10T18:50:41:  ⚠ Fast Refresh had to perform a full reload due to a runtime error.
2025-08-10T18:50:42:  ⚠ Fast Refresh had to perform a full reload due to a runtime error.
2025-08-10T18:51:26:  ⨯ SyntaxError: Unexpected end of JSON input
2025-08-10T18:51:26:     at JSON.parse (<anonymous>)
2025-08-10T18:51:26:     at loadManifest (/work/consagrados/consagradosajesus/node_modules/next/dist/server/load-manifest.js:36:25)
2025-08-10T18:51:26:     at DevServer.getNextFontManifest (/work/consagrados/consagradosajesus/node_modules/next/dist/server/next-server.js:744:47)
2025-08-10T18:51:26:     at DevServer.findPageComponents (/work/consagrados/consagradosajesus/node_modules/next/dist/server/dev/next-dev-server.js:571:43)
2025-08-10T18:51:26:     at async DevServer.renderPageComponent (/work/consagrados/consagradosajesus/node_modules/next/dist/server/base-server.js:1894:24)
2025-08-10T18:51:26:     at async DevServer.renderToResponseImpl (/work/consagrados/consagradosajesus/node_modules/next/dist/server/base-server.js:1946:32)
2025-08-10T18:51:26:     at async DevServer.pipeImpl (/work/consagrados/consagradosajesus/node_modules/next/dist/server/base-server.js:921:25)
2025-08-10T18:51:26:     at async NextNodeServer.handleCatchallRenderRequest (/work/consagrados/consagradosajesus/node_modules/next/dist/server/next-server.js:272:17)
2025-08-10T18:51:26:     at async DevServer.handleRequestImpl (/work/consagrados/consagradosajesus/node_modules/next/dist/server/base-server.js:817:17)
2025-08-10T18:51:26:     at async /work/consagrados/consagradosajesus/node_modules/next/dist/server/dev/next-dev-server.js:339:20
2025-08-10T18:51:26:     at async Span.traceAsyncFn (/work/consagrados/consagradosajesus/node_modules/next/dist/trace/trace.js:154:20)
2025-08-10T18:51:26:     at async DevServer.handleRequest (/work/consagrados/consagradosajesus/node_modules/next/dist/server/dev/next-dev-server.js:336:24)
2025-08-10T18:51:26:     at async invokeRender (/work/consagrados/consagradosajesus/node_modules/next/dist/server/lib/router-server.js:173:21)
2025-08-10T18:51:26:     at async handleRequest (/work/consagrados/consagradosajesus/node_modules/next/dist/server/lib/router-server.js:350:24)
2025-08-10T18:51:26:     at async requestHandlerImpl (/work/consagrados/consagradosajesus/node_modules/next/dist/server/lib/router-server.js:374:13)
2025-08-10T18:51:26:     at async Server.requestListener (/work/consagrados/consagradosajesus/node_modules/next/dist/server/lib/start-server.js:141:13) {
2025-08-10T18:51:26:   page: '/login'
2025-08-10T18:51:26: }
2025-08-10T18:51:54:  ⨯ SyntaxError: Unexpected end of JSON input
2025-08-10T18:51:54:     at JSON.parse (<anonymous>)
2025-08-10T18:51:54:     at loadManifest (/work/consagrados/consagradosajesus/node_modules/next/dist/server/load-manifest.js:36:25)
2025-08-10T18:51:54:     at DevServer.getNextFontManifest (/work/consagrados/consagradosajesus/node_modules/next/dist/server/next-server.js:744:47)
2025-08-10T18:51:54:     at DevServer.findPageComponents (/work/consagrados/consagradosajesus/node_modules/next/dist/server/dev/next-dev-server.js:571:43)
2025-08-10T18:51:54:     at async DevServer.renderPageComponent (/work/consagrados/consagradosajesus/node_modules/next/dist/server/base-server.js:1894:24)
2025-08-10T18:51:54:     at async DevServer.renderToResponseImpl (/work/consagrados/consagradosajesus/node_modules/next/dist/server/base-server.js:1946:32)
2025-08-10T18:51:54:     at async DevServer.pipeImpl (/work/consagrados/consagradosajesus/node_modules/next/dist/server/base-server.js:921:25)
2025-08-10T18:51:54:     at async NextNodeServer.handleCatchallRenderRequest (/work/consagrados/consagradosajesus/node_modules/next/dist/server/next-server.js:272:17)
2025-08-10T18:51:54:     at async DevServer.handleRequestImpl (/work/consagrados/consagradosajesus/node_modules/next/dist/server/base-server.js:817:17)
2025-08-10T18:51:54:     at async /work/consagrados/consagradosajesus/node_modules/next/dist/server/dev/next-dev-server.js:339:20
2025-08-10T18:51:54:     at async Span.traceAsyncFn (/work/consagrados/consagradosajesus/node_modules/next/dist/trace/trace.js:154:20)
2025-08-10T18:51:54:     at async DevServer.handleRequest (/work/consagrados/consagradosajesus/node_modules/next/dist/server/dev/next-dev-server.js:336:24)
2025-08-10T18:51:54:     at async invokeRender (/work/consagrados/consagradosajesus/node_modules/next/dist/server/lib/router-server.js:173:21)
2025-08-10T18:51:54:     at async handleRequest (/work/consagrados/consagradosajesus/node_modules/next/dist/server/lib/router-server.js:350:24)
2025-08-10T18:51:54:     at async requestHandlerImpl (/work/consagrados/consagradosajesus/node_modules/next/dist/server/lib/router-server.js:374:13)
2025-08-10T18:51:54:     at async Server.requestListener (/work/consagrados/consagradosajesus/node_modules/next/dist/server/lib/start-server.js:141:13) {
2025-08-10T18:51:54:   page: '/login'
2025-08-10T18:51:54: }
2025-08-10T18:52:00:  ⨯ SyntaxError: Unexpected end of JSON input
2025-08-10T18:52:00:     at JSON.parse (<anonymous>)
2025-08-10T18:52:00:     at loadManifest (/work/consagrados/consagradosajesus/node_modules/next/dist/server/load-manifest.js:36:25)
2025-08-10T18:52:00:     at DevServer.getNextFontManifest (/work/consagrados/consagradosajesus/node_modules/next/dist/server/next-server.js:744:47)
2025-08-10T18:52:00:     at DevServer.findPageComponents (/work/consagrados/consagradosajesus/node_modules/next/dist/server/dev/next-dev-server.js:571:43)
2025-08-10T18:52:00:     at async DevServer.renderPageComponent (/work/consagrados/consagradosajesus/node_modules/next/dist/server/base-server.js:1894:24)
2025-08-10T18:52:00:     at async DevServer.renderToResponseImpl (/work/consagrados/consagradosajesus/node_modules/next/dist/server/base-server.js:1946:32)
2025-08-10T18:52:00:     at async DevServer.pipeImpl (/work/consagrados/consagradosajesus/node_modules/next/dist/server/base-server.js:921:25)
2025-08-10T18:52:00:     at async NextNodeServer.handleCatchallRenderRequest (/work/consagrados/consagradosajesus/node_modules/next/dist/server/next-server.js:272:17)
2025-08-10T18:52:00:     at async DevServer.handleRequestImpl (/work/consagrados/consagradosajesus/node_modules/next/dist/server/base-server.js:817:17)
2025-08-10T18:52:00:     at async /work/consagrados/consagradosajesus/node_modules/next/dist/server/dev/next-dev-server.js:339:20
2025-08-10T18:52:00:     at async Span.traceAsyncFn (/work/consagrados/consagradosajesus/node_modules/next/dist/trace/trace.js:154:20)
2025-08-10T18:52:00:     at async DevServer.handleRequest (/work/consagrados/consagradosajesus/node_modules/next/dist/server/dev/next-dev-server.js:336:24)
2025-08-10T18:52:00:     at async invokeRender (/work/consagrados/consagradosajesus/node_modules/next/dist/server/lib/router-server.js:173:21)
2025-08-10T18:52:00:     at async handleRequest (/work/consagrados/consagradosajesus/node_modules/next/dist/server/lib/router-server.js:350:24)
2025-08-10T18:52:00:     at async requestHandlerImpl (/work/consagrados/consagradosajesus/node_modules/next/dist/server/lib/router-server.js:374:13)
2025-08-10T18:52:00:     at async Server.requestListener (/work/consagrados/consagradosajesus/node_modules/next/dist/server/lib/start-server.js:141:13) {
2025-08-10T18:52:00:   page: '/login'
2025-08-10T18:52:00: }
2025-08-10T18:52:56:  ⚠ Fast Refresh had to perform a full reload. Read more: https://nextjs.org/docs/messages/fast-refresh-reload
2025-08-10T18:53:38:  ⨯ SyntaxError: Unexpected end of JSON input
2025-08-10T18:53:38:     at JSON.parse (<anonymous>)
2025-08-10T18:53:38:     at loadManifest (/work/consagrados/consagradosajesus/node_modules/next/dist/server/load-manifest.js:36:25)
2025-08-10T18:53:38:     at DevServer.getNextFontManifest (/work/consagrados/consagradosajesus/node_modules/next/dist/server/next-server.js:744:47)
2025-08-10T18:53:38:     at DevServer.findPageComponents (/work/consagrados/consagradosajesus/node_modules/next/dist/server/dev/next-dev-server.js:571:43)
2025-08-10T18:53:38:     at async DevServer.renderPageComponent (/work/consagrados/consagradosajesus/node_modules/next/dist/server/base-server.js:1894:24)
2025-08-10T18:53:38:     at async DevServer.renderToResponseImpl (/work/consagrados/consagradosajesus/node_modules/next/dist/server/base-server.js:1946:32)
2025-08-10T18:53:38:     at async DevServer.pipeImpl (/work/consagrados/consagradosajesus/node_modules/next/dist/server/base-server.js:921:25)
2025-08-10T18:53:38:     at async NextNodeServer.handleCatchallRenderRequest (/work/consagrados/consagradosajesus/node_modules/next/dist/server/next-server.js:272:17)
2025-08-10T18:53:38:     at async DevServer.handleRequestImpl (/work/consagrados/consagradosajesus/node_modules/next/dist/server/base-server.js:817:17)
2025-08-10T18:53:38:     at async /work/consagrados/consagradosajesus/node_modules/next/dist/server/dev/next-dev-server.js:339:20
2025-08-10T18:53:38:     at async Span.traceAsyncFn (/work/consagrados/consagradosajesus/node_modules/next/dist/trace/trace.js:154:20)
2025-08-10T18:53:38:     at async DevServer.handleRequest (/work/consagrados/consagradosajesus/node_modules/next/dist/server/dev/next-dev-server.js:336:24)
2025-08-10T18:53:38:     at async invokeRender (/work/consagrados/consagradosajesus/node_modules/next/dist/server/lib/router-server.js:173:21)
2025-08-10T18:53:38:     at async handleRequest (/work/consagrados/consagradosajesus/node_modules/next/dist/server/lib/router-server.js:350:24)
2025-08-10T18:53:38:     at async requestHandlerImpl (/work/consagrados/consagradosajesus/node_modules/next/dist/server/lib/router-server.js:374:13)
2025-08-10T18:53:38:     at async Server.requestListener (/work/consagrados/consagradosajesus/node_modules/next/dist/server/lib/start-server.js:141:13) {
2025-08-10T18:53:38:   page: '/login'
2025-08-10T18:53:38: }
2025-08-10T18:53:42:  ⨯ SyntaxError: Unexpected end of JSON input
2025-08-10T18:53:42:     at JSON.parse (<anonymous>)
2025-08-10T18:53:42:     at loadManifest (/work/consagrados/consagradosajesus/node_modules/next/dist/server/load-manifest.js:36:25)
2025-08-10T18:53:42:     at DevServer.getNextFontManifest (/work/consagrados/consagradosajesus/node_modules/next/dist/server/next-server.js:744:47)
2025-08-10T18:53:42:     at DevServer.findPageComponents (/work/consagrados/consagradosajesus/node_modules/next/dist/server/dev/next-dev-server.js:571:43)
2025-08-10T18:53:42:     at async DevServer.renderPageComponent (/work/consagrados/consagradosajesus/node_modules/next/dist/server/base-server.js:1894:24)
2025-08-10T18:53:42:     at async DevServer.renderToResponseImpl (/work/consagrados/consagradosajesus/node_modules/next/dist/server/base-server.js:1946:32)
2025-08-10T18:53:42:     at async DevServer.pipeImpl (/work/consagrados/consagradosajesus/node_modules/next/dist/server/base-server.js:921:25)
2025-08-10T18:53:42:     at async NextNodeServer.handleCatchallRenderRequest (/work/consagrados/consagradosajesus/node_modules/next/dist/server/next-server.js:272:17)
2025-08-10T18:53:42:     at async DevServer.handleRequestImpl (/work/consagrados/consagradosajesus/node_modules/next/dist/server/base-server.js:817:17)
2025-08-10T18:53:42:     at async /work/consagrados/consagradosajesus/node_modules/next/dist/server/dev/next-dev-server.js:339:20
2025-08-10T18:53:42:     at async Span.traceAsyncFn (/work/consagrados/consagradosajesus/node_modules/next/dist/trace/trace.js:154:20)
2025-08-10T18:53:42:     at async DevServer.handleRequest (/work/consagrados/consagradosajesus/node_modules/next/dist/server/dev/next-dev-server.js:336:24)
2025-08-10T18:53:42:     at async invokeRender (/work/consagrados/consagradosajesus/node_modules/next/dist/server/lib/router-server.js:173:21)
2025-08-10T18:53:42:     at async handleRequest (/work/consagrados/consagradosajesus/node_modules/next/dist/server/lib/router-server.js:350:24)
2025-08-10T18:53:42:     at async requestHandlerImpl (/work/consagrados/consagradosajesus/node_modules/next/dist/server/lib/router-server.js:374:13)
2025-08-10T18:53:42:     at async Server.requestListener (/work/consagrados/consagradosajesus/node_modules/next/dist/server/lib/start-server.js:141:13) {
2025-08-10T18:53:42:   page: '/login'
2025-08-10T18:53:42: }
2025-08-10T18:54:18:  ⨯ SyntaxError: Unexpected end of JSON input
2025-08-10T18:54:18:     at JSON.parse (<anonymous>)
2025-08-10T18:54:18:     at loadManifest (/work/consagrados/consagradosajesus/node_modules/next/dist/server/load-manifest.js:36:25)
2025-08-10T18:54:18:     at DevServer.getNextFontManifest (/work/consagrados/consagradosajesus/node_modules/next/dist/server/next-server.js:744:47)
2025-08-10T18:54:18:     at DevServer.findPageComponents (/work/consagrados/consagradosajesus/node_modules/next/dist/server/dev/next-dev-server.js:571:43)
2025-08-10T18:54:18:     at async DevServer.renderPageComponent (/work/consagrados/consagradosajesus/node_modules/next/dist/server/base-server.js:1894:24)
2025-08-10T18:54:18:     at async DevServer.renderToResponseImpl (/work/consagrados/consagradosajesus/node_modules/next/dist/server/base-server.js:1946:32)
2025-08-10T18:54:18:     at async DevServer.pipeImpl (/work/consagrados/consagradosajesus/node_modules/next/dist/server/base-server.js:921:25)
2025-08-10T18:54:18:     at async NextNodeServer.handleCatchallRenderRequest (/work/consagrados/consagradosajesus/node_modules/next/dist/server/next-server.js:272:17)
2025-08-10T18:54:18:     at async DevServer.handleRequestImpl (/work/consagrados/consagradosajesus/node_modules/next/dist/server/base-server.js:817:17)
2025-08-10T18:54:18:     at async /work/consagrados/consagradosajesus/node_modules/next/dist/server/dev/next-dev-server.js:339:20
2025-08-10T18:54:18:     at async Span.traceAsyncFn (/work/consagrados/consagradosajesus/node_modules/next/dist/trace/trace.js:154:20)
2025-08-10T18:54:18:     at async DevServer.handleRequest (/work/consagrados/consagradosajesus/node_modules/next/dist/server/dev/next-dev-server.js:336:24)
2025-08-10T18:54:18:     at async invokeRender (/work/consagrados/consagradosajesus/node_modules/next/dist/server/lib/router-server.js:173:21)
2025-08-10T18:54:18:     at async handleRequest (/work/consagrados/consagradosajesus/node_modules/next/dist/server/lib/router-server.js:350:24)
2025-08-10T18:54:18:     at async requestHandlerImpl (/work/consagrados/consagradosajesus/node_modules/next/dist/server/lib/router-server.js:374:13)
2025-08-10T18:54:18:     at async Server.requestListener (/work/consagrados/consagradosajesus/node_modules/next/dist/server/lib/start-server.js:141:13) {
2025-08-10T18:54:18:   page: '/login'
2025-08-10T18:54:18: }
2025-08-10T18:54:19:  ⨯ SyntaxError: Unexpected end of JSON input
2025-08-10T18:54:19:     at JSON.parse (<anonymous>)
2025-08-10T18:54:19:     at loadManifest (/work/consagrados/consagradosajesus/node_modules/next/dist/server/load-manifest.js:36:25)
2025-08-10T18:54:19:     at DevServer.getNextFontManifest (/work/consagrados/consagradosajesus/node_modules/next/dist/server/next-server.js:744:47)
2025-08-10T18:54:19:     at DevServer.findPageComponents (/work/consagrados/consagradosajesus/node_modules/next/dist/server/dev/next-dev-server.js:571:43)
2025-08-10T18:54:19:     at async DevServer.renderPageComponent (/work/consagrados/consagradosajesus/node_modules/next/dist/server/base-server.js:1894:24)
2025-08-10T18:54:19:     at async DevServer.renderToResponseImpl (/work/consagrados/consagradosajesus/node_modules/next/dist/server/base-server.js:1946:32)
2025-08-10T18:54:19:     at async DevServer.pipeImpl (/work/consagrados/consagradosajesus/node_modules/next/dist/server/base-server.js:921:25)
2025-08-10T18:54:19:     at async NextNodeServer.handleCatchallRenderRequest (/work/consagrados/consagradosajesus/node_modules/next/dist/server/next-server.js:272:17)
2025-08-10T18:54:19:     at async DevServer.handleRequestImpl (/work/consagrados/consagradosajesus/node_modules/next/dist/server/base-server.js:817:17)
2025-08-10T18:54:19:     at async /work/consagrados/consagradosajesus/node_modules/next/dist/server/dev/next-dev-server.js:339:20
2025-08-10T18:54:19:     at async Span.traceAsyncFn (/work/consagrados/consagradosajesus/node_modules/next/dist/trace/trace.js:154:20)
2025-08-10T18:54:19:     at async DevServer.handleRequest (/work/consagrados/consagradosajesus/node_modules/next/dist/server/dev/next-dev-server.js:336:24)
2025-08-10T18:54:19:     at async invokeRender (/work/consagrados/consagradosajesus/node_modules/next/dist/server/lib/router-server.js:173:21)
2025-08-10T18:54:19:     at async handleRequest (/work/consagrados/consagradosajesus/node_modules/next/dist/server/lib/router-server.js:350:24)
2025-08-10T18:54:19:     at async requestHandlerImpl (/work/consagrados/consagradosajesus/node_modules/next/dist/server/lib/router-server.js:374:13)
2025-08-10T18:54:19:     at async Server.requestListener (/work/consagrados/consagradosajesus/node_modules/next/dist/server/lib/start-server.js:141:13) {
2025-08-10T18:54:19:   page: '/login'
2025-08-10T18:54:19: }
2025-08-10T19:07:45:  ⨯ SyntaxError: Unexpected end of JSON input
2025-08-10T19:07:45:     at JSON.parse (<anonymous>)
2025-08-10T19:07:45:     at loadManifest (/work/consagrados/consagradosajesus/node_modules/next/dist/server/load-manifest.js:36:25)
2025-08-10T19:07:45:     at DevServer.getNextFontManifest (/work/consagrados/consagradosajesus/node_modules/next/dist/server/next-server.js:744:47)
2025-08-10T19:07:45:     at DevServer.findPageComponents (/work/consagrados/consagradosajesus/node_modules/next/dist/server/dev/next-dev-server.js:571:43)
2025-08-10T19:07:45:     at async DevServer.renderPageComponent (/work/consagrados/consagradosajesus/node_modules/next/dist/server/base-server.js:1894:24)
2025-08-10T19:07:45:     at async DevServer.renderToResponseImpl (/work/consagrados/consagradosajesus/node_modules/next/dist/server/base-server.js:1946:32)
2025-08-10T19:07:45:     at async DevServer.pipeImpl (/work/consagrados/consagradosajesus/node_modules/next/dist/server/base-server.js:921:25)
2025-08-10T19:07:45:     at async NextNodeServer.handleCatchallRenderRequest (/work/consagrados/consagradosajesus/node_modules/next/dist/server/next-server.js:272:17)
2025-08-10T19:07:45:     at async DevServer.handleRequestImpl (/work/consagrados/consagradosajesus/node_modules/next/dist/server/base-server.js:817:17)
2025-08-10T19:07:45:     at async /work/consagrados/consagradosajesus/node_modules/next/dist/server/dev/next-dev-server.js:339:20
2025-08-10T19:07:45:     at async Span.traceAsyncFn (/work/consagrados/consagradosajesus/node_modules/next/dist/trace/trace.js:154:20)
2025-08-10T19:07:45:     at async DevServer.handleRequest (/work/consagrados/consagradosajesus/node_modules/next/dist/server/dev/next-dev-server.js:336:24)
2025-08-10T19:07:45:     at async invokeRender (/work/consagrados/consagradosajesus/node_modules/next/dist/server/lib/router-server.js:173:21)
2025-08-10T19:07:45:     at async handleRequest (/work/consagrados/consagradosajesus/node_modules/next/dist/server/lib/router-server.js:350:24)
2025-08-10T19:07:45:     at async requestHandlerImpl (/work/consagrados/consagradosajesus/node_modules/next/dist/server/lib/router-server.js:374:13)
2025-08-10T19:07:45:     at async Server.requestListener (/work/consagrados/consagradosajesus/node_modules/next/dist/server/lib/start-server.js:141:13) {
2025-08-10T19:07:45:   page: '/login'
2025-08-10T19:07:45: }
2025-08-10T19:07:47:  ⚠ Fast Refresh had to perform a full reload due to a runtime error.
2025-08-10T19:07:48:  ⚠ Fast Refresh had to perform a full reload due to a runtime error.
2025-08-10T19:07:48:  ⚠ Fast Refresh had to perform a full reload due to a runtime error.
2025-08-10T19:07:48:  ⚠ Fast Refresh had to perform a full reload due to a runtime error.
2025-08-10T19:07:48:  ⚠ Fast Refresh had to perform a full reload due to a runtime error.
2025-08-10T19:07:48:  ⚠ Fast Refresh had to perform a full reload due to a runtime error.
2025-08-10T19:07:48:  ⚠ Fast Refresh had to perform a full reload due to a runtime error.
2025-08-10T19:07:49:  ⚠ Fast Refresh had to perform a full reload due to a runtime error.
2025-08-10T19:07:49:  ⚠ Fast Refresh had to perform a full reload due to a runtime error.
2025-08-10T19:07:49:  ⚠ Fast Refresh had to perform a full reload due to a runtime error.
2025-08-10T19:07:49:  ⚠ Fast Refresh had to perform a full reload due to a runtime error.
2025-08-10T19:07:49:  ⚠ Fast Refresh had to perform a full reload due to a runtime error.
2025-08-10T19:07:50:  ⚠ Fast Refresh had to perform a full reload due to a runtime error.
2025-08-10T19:07:50:  ⚠ Fast Refresh had to perform a full reload due to a runtime error.
2025-08-10T19:07:50:  ⚠ Fast Refresh had to perform a full reload due to a runtime error.
2025-08-10T19:07:50:  ⚠ Fast Refresh had to perform a full reload due to a runtime error.
2025-08-10T19:07:50:  ⚠ Fast Refresh had to perform a full reload due to a runtime error.
2025-08-10T19:07:50:  ⚠ Fast Refresh had to perform a full reload due to a runtime error.
2025-08-10T19:07:51:  ⚠ Fast Refresh had to perform a full reload due to a runtime error.
2025-08-10T19:07:51:  ⚠ Fast Refresh had to perform a full reload due to a runtime error.
2025-08-10T19:07:51:  ⚠ Fast Refresh had to perform a full reload due to a runtime error.
2025-08-10T19:07:51:  ⚠ Fast Refresh had to perform a full reload due to a runtime error.
2025-08-10T19:07:51:  ⚠ Fast Refresh had to perform a full reload due to a runtime error.
2025-08-10T19:07:51:  ⚠ Fast Refresh had to perform a full reload due to a runtime error.
2025-08-10T19:07:52:  ⚠ Fast Refresh had to perform a full reload due to a runtime error.
2025-08-10T19:07:52:  ⚠ Fast Refresh had to perform a full reload due to a runtime error.
2025-08-10T19:07:52:  ⚠ Fast Refresh had to perform a full reload due to a runtime error.
2025-08-10T19:07:52:  ⚠ Fast Refresh had to perform a full reload due to a runtime error.
2025-08-10T19:07:52:  ⚠ Fast Refresh had to perform a full reload due to a runtime error.
2025-08-10T19:07:53:  ⚠ Fast Refresh had to perform a full reload due to a runtime error.
2025-08-10T19:07:53:  ⚠ Fast Refresh had to perform a full reload due to a runtime error.
2025-08-10T19:07:53:  ⚠ Fast Refresh had to perform a full reload due to a runtime error.
2025-08-10T19:07:53:  ⚠ Fast Refresh had to perform a full reload due to a runtime error.
2025-08-10T19:07:53:  ⚠ Fast Refresh had to perform a full reload due to a runtime error.
2025-08-10T19:07:53:  ⚠ Fast Refresh had to perform a full reload due to a runtime error.
2025-08-10T19:07:54:  ⚠ Fast Refresh had to perform a full reload due to a runtime error.
2025-08-10T19:07:54:  ⚠ Fast Refresh had to perform a full reload due to a runtime error.
2025-08-10T19:07:54:  ⚠ Fast Refresh had to perform a full reload due to a runtime error.
2025-08-10T19:07:54:  ⚠ Fast Refresh had to perform a full reload due to a runtime error.
2025-08-10T19:07:54:  ⚠ Fast Refresh had to perform a full reload due to a runtime error.
2025-08-10T19:07:55:  ⚠ Fast Refresh had to perform a full reload due to a runtime error.
2025-08-10T19:07:55:  ⚠ Fast Refresh had to perform a full reload due to a runtime error.
2025-08-10T19:07:55:  ⚠ Fast Refresh had to perform a full reload due to a runtime error.
2025-08-10T19:07:55:  ⚠ Fast Refresh had to perform a full reload due to a runtime error.
2025-08-10T19:07:55:  ⚠ Fast Refresh had to perform a full reload due to a runtime error.
2025-08-10T19:07:56:  ⚠ Fast Refresh had to perform a full reload due to a runtime error.
2025-08-10T19:07:56:  ⚠ Fast Refresh had to perform a full reload due to a runtime error.
2025-08-10T19:07:56:  ⚠ Fast Refresh had to perform a full reload due to a runtime error.
2025-08-10T19:07:56:  ⚠ Fast Refresh had to perform a full reload due to a runtime error.
2025-08-10T19:07:56:  ⚠ Fast Refresh had to perform a full reload due to a runtime error.
2025-08-10T19:07:56:  ⚠ Fast Refresh had to perform a full reload due to a runtime error.
2025-08-10T19:07:57:  ⚠ Fast Refresh had to perform a full reload due to a runtime error.
2025-08-10T19:07:57:  ⚠ Fast Refresh had to perform a full reload due to a runtime error.
2025-08-10T19:07:57:  ⚠ Fast Refresh had to perform a full reload due to a runtime error.
2025-08-10T19:07:57:  ⚠ Fast Refresh had to perform a full reload due to a runtime error.
2025-08-10T19:07:57:  ⚠ Fast Refresh had to perform a full reload due to a runtime error.
2025-08-10T19:07:58:  ⚠ Fast Refresh had to perform a full reload due to a runtime error.
2025-08-10T19:07:58:  ⚠ Fast Refresh had to perform a full reload due to a runtime error.
2025-08-10T19:07:55:  ⚠ Fast Refresh had to perform a full reload due to a runtime error.
2025-08-10T19:07:55:  ⚠ Fast Refresh had to perform a full reload due to a runtime error.
2025-08-10T19:07:55:  ⚠ Fast Refresh had to perform a full reload due to a runtime error.
2025-08-10T19:07:55:  ⚠ Fast Refresh had to perform a full reload due to a runtime error.
2025-08-10T19:07:55:  ⚠ Fast Refresh had to perform a full reload due to a runtime error.
2025-08-10T19:07:55:  ⚠ Fast Refresh had to perform a full reload due to a runtime error.
2025-08-10T19:08:02:  ⨯ SyntaxError: Unexpected end of JSON input
2025-08-10T19:08:02:     at JSON.parse (<anonymous>)
2025-08-10T19:08:02:     at loadManifest (/work/consagrados/consagradosajesus/node_modules/next/dist/server/load-manifest.js:36:25)
2025-08-10T19:08:02:     at DevServer.getNextFontManifest (/work/consagrados/consagradosajesus/node_modules/next/dist/server/next-server.js:744:47)
2025-08-10T19:08:02:     at DevServer.findPageComponents (/work/consagrados/consagradosajesus/node_modules/next/dist/server/dev/next-dev-server.js:571:43)
2025-08-10T19:08:02:     at async DevServer.renderPageComponent (/work/consagrados/consagradosajesus/node_modules/next/dist/server/base-server.js:1894:24)
2025-08-10T19:08:02:     at async DevServer.renderToResponseImpl (/work/consagrados/consagradosajesus/node_modules/next/dist/server/base-server.js:1946:32)
2025-08-10T19:08:02:     at async DevServer.pipeImpl (/work/consagrados/consagradosajesus/node_modules/next/dist/server/base-server.js:921:25)
2025-08-10T19:08:02:     at async NextNodeServer.handleCatchallRenderRequest (/work/consagrados/consagradosajesus/node_modules/next/dist/server/next-server.js:272:17)
2025-08-10T19:08:02:     at async DevServer.handleRequestImpl (/work/consagrados/consagradosajesus/node_modules/next/dist/server/base-server.js:817:17)
2025-08-10T19:08:02:     at async /work/consagrados/consagradosajesus/node_modules/next/dist/server/dev/next-dev-server.js:339:20
2025-08-10T19:08:02:     at async Span.traceAsyncFn (/work/consagrados/consagradosajesus/node_modules/next/dist/trace/trace.js:154:20)
2025-08-10T19:08:02:     at async DevServer.handleRequest (/work/consagrados/consagradosajesus/node_modules/next/dist/server/dev/next-dev-server.js:336:24)
2025-08-10T19:08:02:     at async invokeRender (/work/consagrados/consagradosajesus/node_modules/next/dist/server/lib/router-server.js:173:21)
2025-08-10T19:08:02:     at async handleRequest (/work/consagrados/consagradosajesus/node_modules/next/dist/server/lib/router-server.js:350:24)
2025-08-10T19:08:02:     at async requestHandlerImpl (/work/consagrados/consagradosajesus/node_modules/next/dist/server/lib/router-server.js:374:13)
2025-08-10T19:08:02:     at async Server.requestListener (/work/consagrados/consagradosajesus/node_modules/next/dist/server/lib/start-server.js:141:13) {
2025-08-10T19:08:02:   page: '/login'
2025-08-10T19:08:02: }
2025-08-10T19:08:08:  ⨯ SyntaxError: Unexpected end of JSON input
2025-08-10T19:08:08:     at JSON.parse (<anonymous>)
2025-08-10T19:08:08:     at loadManifest (/work/consagrados/consagradosajesus/node_modules/next/dist/server/load-manifest.js:36:25)
2025-08-10T19:08:08:     at DevServer.getNextFontManifest (/work/consagrados/consagradosajesus/node_modules/next/dist/server/next-server.js:744:47)
2025-08-10T19:08:08:     at DevServer.findPageComponents (/work/consagrados/consagradosajesus/node_modules/next/dist/server/dev/next-dev-server.js:571:43)
2025-08-10T19:08:08:     at async DevServer.renderPageComponent (/work/consagrados/consagradosajesus/node_modules/next/dist/server/base-server.js:1894:24)
2025-08-10T19:08:08:     at async DevServer.renderToResponseImpl (/work/consagrados/consagradosajesus/node_modules/next/dist/server/base-server.js:1946:32)
2025-08-10T19:08:08:     at async DevServer.pipeImpl (/work/consagrados/consagradosajesus/node_modules/next/dist/server/base-server.js:921:25)
2025-08-10T19:08:08:     at async NextNodeServer.handleCatchallRenderRequest (/work/consagrados/consagradosajesus/node_modules/next/dist/server/next-server.js:272:17)
2025-08-10T19:08:08:     at async DevServer.handleRequestImpl (/work/consagrados/consagradosajesus/node_modules/next/dist/server/base-server.js:817:17)
2025-08-10T19:08:08:     at async /work/consagrados/consagradosajesus/node_modules/next/dist/server/dev/next-dev-server.js:339:20
2025-08-10T19:08:08:     at async Span.traceAsyncFn (/work/consagrados/consagradosajesus/node_modules/next/dist/trace/trace.js:154:20)
2025-08-10T19:08:08:     at async DevServer.handleRequest (/work/consagrados/consagradosajesus/node_modules/next/dist/server/dev/next-dev-server.js:336:24)
2025-08-10T19:08:08:     at async invokeRender (/work/consagrados/consagradosajesus/node_modules/next/dist/server/lib/router-server.js:173:21)
2025-08-10T19:08:08:     at async handleRequest (/work/consagrados/consagradosajesus/node_modules/next/dist/server/lib/router-server.js:350:24)
2025-08-10T19:08:08:     at async requestHandlerImpl (/work/consagrados/consagradosajesus/node_modules/next/dist/server/lib/router-server.js:374:13)
2025-08-10T19:08:08:     at async Server.requestListener (/work/consagrados/consagradosajesus/node_modules/next/dist/server/lib/start-server.js:141:13) {
2025-08-10T19:08:08:   page: '/login'
2025-08-10T19:08:08: }
2025-08-10T19:08:23:  ⨯ SyntaxError: Unexpected end of JSON input
2025-08-10T19:08:23:     at JSON.parse (<anonymous>)
2025-08-10T19:08:23:     at loadManifest (/work/consagrados/consagradosajesus/node_modules/next/dist/server/load-manifest.js:36:25)
2025-08-10T19:08:23:     at DevServer.getNextFontManifest (/work/consagrados/consagradosajesus/node_modules/next/dist/server/next-server.js:744:47)
2025-08-10T19:08:23:     at DevServer.findPageComponents (/work/consagrados/consagradosajesus/node_modules/next/dist/server/dev/next-dev-server.js:571:43)
2025-08-10T19:08:23:     at async DevServer.renderPageComponent (/work/consagrados/consagradosajesus/node_modules/next/dist/server/base-server.js:1894:24)
2025-08-10T19:08:23:     at async DevServer.renderToResponseImpl (/work/consagrados/consagradosajesus/node_modules/next/dist/server/base-server.js:1946:32)
2025-08-10T19:08:23:     at async DevServer.pipeImpl (/work/consagrados/consagradosajesus/node_modules/next/dist/server/base-server.js:921:25)
2025-08-10T19:08:23:     at async NextNodeServer.handleCatchallRenderRequest (/work/consagrados/consagradosajesus/node_modules/next/dist/server/next-server.js:272:17)
2025-08-10T19:08:23:     at async DevServer.handleRequestImpl (/work/consagrados/consagradosajesus/node_modules/next/dist/server/base-server.js:817:17)
2025-08-10T19:08:23:     at async /work/consagrados/consagradosajesus/node_modules/next/dist/server/dev/next-dev-server.js:339:20
2025-08-10T19:08:23:     at async Span.traceAsyncFn (/work/consagrados/consagradosajesus/node_modules/next/dist/trace/trace.js:154:20)
2025-08-10T19:08:23:     at async DevServer.handleRequest (/work/consagrados/consagradosajesus/node_modules/next/dist/server/dev/next-dev-server.js:336:24)
2025-08-10T19:08:23:     at async invokeRender (/work/consagrados/consagradosajesus/node_modules/next/dist/server/lib/router-server.js:173:21)
2025-08-10T19:08:23:     at async handleRequest (/work/consagrados/consagradosajesus/node_modules/next/dist/server/lib/router-server.js:350:24)
2025-08-10T19:08:23:     at async requestHandlerImpl (/work/consagrados/consagradosajesus/node_modules/next/dist/server/lib/router-server.js:374:13)
2025-08-10T19:08:23:     at async Server.requestListener (/work/consagrados/consagradosajesus/node_modules/next/dist/server/lib/start-server.js:141:13) {
2025-08-10T19:08:23:   page: '/login'
2025-08-10T19:08:23: }
2025-08-10T19:08:26:  ⨯ SyntaxError: Unexpected end of JSON input
2025-08-10T19:08:26:     at JSON.parse (<anonymous>)
2025-08-10T19:08:26:     at loadManifest (/work/consagrados/consagradosajesus/node_modules/next/dist/server/load-manifest.js:36:25)
2025-08-10T19:08:26:     at DevServer.getNextFontManifest (/work/consagrados/consagradosajesus/node_modules/next/dist/server/next-server.js:744:47)
2025-08-10T19:08:26:     at DevServer.findPageComponents (/work/consagrados/consagradosajesus/node_modules/next/dist/server/dev/next-dev-server.js:571:43)
2025-08-10T19:08:26:     at async DevServer.renderPageComponent (/work/consagrados/consagradosajesus/node_modules/next/dist/server/base-server.js:1894:24)
2025-08-10T19:08:26:     at async DevServer.renderToResponseImpl (/work/consagrados/consagradosajesus/node_modules/next/dist/server/base-server.js:1946:32)
2025-08-10T19:08:26:     at async DevServer.pipeImpl (/work/consagrados/consagradosajesus/node_modules/next/dist/server/base-server.js:921:25)
2025-08-10T19:08:26:     at async NextNodeServer.handleCatchallRenderRequest (/work/consagrados/consagradosajesus/node_modules/next/dist/server/next-server.js:272:17)
2025-08-10T19:08:26:     at async DevServer.handleRequestImpl (/work/consagrados/consagradosajesus/node_modules/next/dist/server/base-server.js:817:17)
2025-08-10T19:08:26:     at async /work/consagrados/consagradosajesus/node_modules/next/dist/server/dev/next-dev-server.js:339:20
2025-08-10T19:08:26:     at async Span.traceAsyncFn (/work/consagrados/consagradosajesus/node_modules/next/dist/trace/trace.js:154:20)
2025-08-10T19:08:26:     at async DevServer.handleRequest (/work/consagrados/consagradosajesus/node_modules/next/dist/server/dev/next-dev-server.js:336:24)
2025-08-10T19:08:26:     at async invokeRender (/work/consagrados/consagradosajesus/node_modules/next/dist/server/lib/router-server.js:173:21)
2025-08-10T19:08:26:     at async handleRequest (/work/consagrados/consagradosajesus/node_modules/next/dist/server/lib/router-server.js:350:24)
2025-08-10T19:08:26:     at async requestHandlerImpl (/work/consagrados/consagradosajesus/node_modules/next/dist/server/lib/router-server.js:374:13)
2025-08-10T19:08:26:     at async Server.requestListener (/work/consagrados/consagradosajesus/node_modules/next/dist/server/lib/start-server.js:141:13) {
2025-08-10T19:08:26:   page: '/login'
2025-08-10T19:08:26: }
2025-08-10T19:08:30:  ⨯ SyntaxError: Unexpected end of JSON input
2025-08-10T19:08:30:     at JSON.parse (<anonymous>)
2025-08-10T19:08:30:     at loadManifest (/work/consagrados/consagradosajesus/node_modules/next/dist/server/load-manifest.js:36:25)
2025-08-10T19:08:30:     at DevServer.getNextFontManifest (/work/consagrados/consagradosajesus/node_modules/next/dist/server/next-server.js:744:47)
2025-08-10T19:08:30:     at DevServer.findPageComponents (/work/consagrados/consagradosajesus/node_modules/next/dist/server/dev/next-dev-server.js:571:43)
2025-08-10T19:08:30:     at async DevServer.renderPageComponent (/work/consagrados/consagradosajesus/node_modules/next/dist/server/base-server.js:1894:24)
2025-08-10T19:08:30:     at async DevServer.renderToResponseImpl (/work/consagrados/consagradosajesus/node_modules/next/dist/server/base-server.js:1946:32)
2025-08-10T19:08:30:     at async DevServer.pipeImpl (/work/consagrados/consagradosajesus/node_modules/next/dist/server/base-server.js:921:25)
2025-08-10T19:08:30:     at async NextNodeServer.handleCatchallRenderRequest (/work/consagrados/consagradosajesus/node_modules/next/dist/server/next-server.js:272:17)
2025-08-10T19:08:30:     at async DevServer.handleRequestImpl (/work/consagrados/consagradosajesus/node_modules/next/dist/server/base-server.js:817:17)
2025-08-10T19:08:30:     at async /work/consagrados/consagradosajesus/node_modules/next/dist/server/dev/next-dev-server.js:339:20
2025-08-10T19:08:30:     at async Span.traceAsyncFn (/work/consagrados/consagradosajesus/node_modules/next/dist/trace/trace.js:154:20)
2025-08-10T19:08:30:     at async DevServer.handleRequest (/work/consagrados/consagradosajesus/node_modules/next/dist/server/dev/next-dev-server.js:336:24)
2025-08-10T19:08:30:     at async invokeRender (/work/consagrados/consagradosajesus/node_modules/next/dist/server/lib/router-server.js:173:21)
2025-08-10T19:08:30:     at async handleRequest (/work/consagrados/consagradosajesus/node_modules/next/dist/server/lib/router-server.js:350:24)
2025-08-10T19:08:30:     at async requestHandlerImpl (/work/consagrados/consagradosajesus/node_modules/next/dist/server/lib/router-server.js:374:13)
2025-08-10T19:08:30:     at async Server.requestListener (/work/consagrados/consagradosajesus/node_modules/next/dist/server/lib/start-server.js:141:13) {
2025-08-10T19:08:30:   page: '/login'
2025-08-10T19:08:30: }
2025-08-10T19:08:35:  ⨯ SyntaxError: Unexpected end of JSON input
2025-08-10T19:08:35:     at JSON.parse (<anonymous>)
2025-08-10T19:08:35:     at loadManifest (/work/consagrados/consagradosajesus/node_modules/next/dist/server/load-manifest.js:36:25)
2025-08-10T19:08:35:     at DevServer.getNextFontManifest (/work/consagrados/consagradosajesus/node_modules/next/dist/server/next-server.js:744:47)
2025-08-10T19:08:35:     at DevServer.findPageComponents (/work/consagrados/consagradosajesus/node_modules/next/dist/server/dev/next-dev-server.js:571:43)
2025-08-10T19:08:35:     at async DevServer.renderPageComponent (/work/consagrados/consagradosajesus/node_modules/next/dist/server/base-server.js:1894:24)
2025-08-10T19:08:35:     at async DevServer.renderToResponseImpl (/work/consagrados/consagradosajesus/node_modules/next/dist/server/base-server.js:1946:32)
2025-08-10T19:08:35:     at async DevServer.pipeImpl (/work/consagrados/consagradosajesus/node_modules/next/dist/server/base-server.js:921:25)
2025-08-10T19:08:35:     at async NextNodeServer.handleCatchallRenderRequest (/work/consagrados/consagradosajesus/node_modules/next/dist/server/next-server.js:272:17)
2025-08-10T19:08:35:     at async DevServer.handleRequestImpl (/work/consagrados/consagradosajesus/node_modules/next/dist/server/base-server.js:817:17)
2025-08-10T19:08:35:     at async /work/consagrados/consagradosajesus/node_modules/next/dist/server/dev/next-dev-server.js:339:20
2025-08-10T19:08:35:     at async Span.traceAsyncFn (/work/consagrados/consagradosajesus/node_modules/next/dist/trace/trace.js:154:20)
2025-08-10T19:08:35:     at async DevServer.handleRequest (/work/consagrados/consagradosajesus/node_modules/next/dist/server/dev/next-dev-server.js:336:24)
2025-08-10T19:08:35:     at async invokeRender (/work/consagrados/consagradosajesus/node_modules/next/dist/server/lib/router-server.js:173:21)
2025-08-10T19:08:35:     at async handleRequest (/work/consagrados/consagradosajesus/node_modules/next/dist/server/lib/router-server.js:350:24)
2025-08-10T19:08:35:     at async requestHandlerImpl (/work/consagrados/consagradosajesus/node_modules/next/dist/server/lib/router-server.js:374:13)
2025-08-10T19:08:35:     at async Server.requestListener (/work/consagrados/consagradosajesus/node_modules/next/dist/server/lib/start-server.js:141:13) {
2025-08-10T19:08:35:   page: '/login'
2025-08-10T19:08:35: }
2025-08-10T19:08:40:  ⨯ SyntaxError: Unexpected end of JSON input
2025-08-10T19:08:40:     at JSON.parse (<anonymous>)
2025-08-10T19:08:40:     at loadManifest (/work/consagrados/consagradosajesus/node_modules/next/dist/server/load-manifest.js:36:25)
2025-08-10T19:08:40:     at DevServer.getNextFontManifest (/work/consagrados/consagradosajesus/node_modules/next/dist/server/next-server.js:744:47)
2025-08-10T19:08:40:     at DevServer.findPageComponents (/work/consagrados/consagradosajesus/node_modules/next/dist/server/dev/next-dev-server.js:571:43)
2025-08-10T19:08:40:     at async DevServer.renderPageComponent (/work/consagrados/consagradosajesus/node_modules/next/dist/server/base-server.js:1894:24)
2025-08-10T19:08:40:     at async DevServer.renderToResponseImpl (/work/consagrados/consagradosajesus/node_modules/next/dist/server/base-server.js:1946:32)
2025-08-10T19:08:40:     at async DevServer.pipeImpl (/work/consagrados/consagradosajesus/node_modules/next/dist/server/base-server.js:921:25)
2025-08-10T19:08:40:     at async NextNodeServer.handleCatchallRenderRequest (/work/consagrados/consagradosajesus/node_modules/next/dist/server/next-server.js:272:17)
2025-08-10T19:08:40:     at async DevServer.handleRequestImpl (/work/consagrados/consagradosajesus/node_modules/next/dist/server/base-server.js:817:17)
2025-08-10T19:08:40:     at async /work/consagrados/consagradosajesus/node_modules/next/dist/server/dev/next-dev-server.js:339:20
2025-08-10T19:08:40:     at async Span.traceAsyncFn (/work/consagrados/consagradosajesus/node_modules/next/dist/trace/trace.js:154:20)
2025-08-10T19:08:40:     at async DevServer.handleRequest (/work/consagrados/consagradosajesus/node_modules/next/dist/server/dev/next-dev-server.js:336:24)
2025-08-10T19:08:40:     at async invokeRender (/work/consagrados/consagradosajesus/node_modules/next/dist/server/lib/router-server.js:173:21)
2025-08-10T19:08:40:     at async handleRequest (/work/consagrados/consagradosajesus/node_modules/next/dist/server/lib/router-server.js:350:24)
2025-08-10T19:08:40:     at async requestHandlerImpl (/work/consagrados/consagradosajesus/node_modules/next/dist/server/lib/router-server.js:374:13)
2025-08-10T19:08:40:     at async Server.requestListener (/work/consagrados/consagradosajesus/node_modules/next/dist/server/lib/start-server.js:141:13) {
2025-08-10T19:08:40:   page: '/login'
2025-08-10T19:08:40: }
2025-08-10T19:08:43:  ⨯ SyntaxError: Unexpected end of JSON input
2025-08-10T19:08:43:     at JSON.parse (<anonymous>)
2025-08-10T19:08:43:     at loadManifest (/work/consagrados/consagradosajesus/node_modules/next/dist/server/load-manifest.js:36:25)
2025-08-10T19:08:43:     at DevServer.getNextFontManifest (/work/consagrados/consagradosajesus/node_modules/next/dist/server/next-server.js:744:47)
2025-08-10T19:08:43:     at DevServer.findPageComponents (/work/consagrados/consagradosajesus/node_modules/next/dist/server/dev/next-dev-server.js:571:43)
2025-08-10T19:08:43:     at async DevServer.renderPageComponent (/work/consagrados/consagradosajesus/node_modules/next/dist/server/base-server.js:1894:24)
2025-08-10T19:08:43:     at async DevServer.renderToResponseImpl (/work/consagrados/consagradosajesus/node_modules/next/dist/server/base-server.js:1946:32)
2025-08-10T19:08:43:     at async DevServer.pipeImpl (/work/consagrados/consagradosajesus/node_modules/next/dist/server/base-server.js:921:25)
2025-08-10T19:08:43:     at async NextNodeServer.handleCatchallRenderRequest (/work/consagrados/consagradosajesus/node_modules/next/dist/server/next-server.js:272:17)
2025-08-10T19:08:43:     at async DevServer.handleRequestImpl (/work/consagrados/consagradosajesus/node_modules/next/dist/server/base-server.js:817:17)
2025-08-10T19:08:43:     at async /work/consagrados/consagradosajesus/node_modules/next/dist/server/dev/next-dev-server.js:339:20
2025-08-10T19:08:43:     at async Span.traceAsyncFn (/work/consagrados/consagradosajesus/node_modules/next/dist/trace/trace.js:154:20)
2025-08-10T19:08:43:     at async DevServer.handleRequest (/work/consagrados/consagradosajesus/node_modules/next/dist/server/dev/next-dev-server.js:336:24)
2025-08-10T19:08:43:     at async invokeRender (/work/consagrados/consagradosajesus/node_modules/next/dist/server/lib/router-server.js:173:21)
2025-08-10T19:08:43:     at async handleRequest (/work/consagrados/consagradosajesus/node_modules/next/dist/server/lib/router-server.js:350:24)
2025-08-10T19:08:43:     at async requestHandlerImpl (/work/consagrados/consagradosajesus/node_modules/next/dist/server/lib/router-server.js:374:13)
2025-08-10T19:08:43:     at async Server.requestListener (/work/consagrados/consagradosajesus/node_modules/next/dist/server/lib/start-server.js:141:13) {
2025-08-10T19:08:43:   page: '/login'
2025-08-10T19:08:43: }
2025-08-10T19:08:43:  ⨯ SyntaxError: Unexpected end of JSON input
2025-08-10T19:08:43:     at JSON.parse (<anonymous>)
2025-08-10T19:08:43:     at loadManifest (/work/consagrados/consagradosajesus/node_modules/next/dist/server/load-manifest.js:36:25)
2025-08-10T19:08:43:     at DevServer.getNextFontManifest (/work/consagrados/consagradosajesus/node_modules/next/dist/server/next-server.js:744:47)
2025-08-10T19:08:43:     at DevServer.findPageComponents (/work/consagrados/consagradosajesus/node_modules/next/dist/server/dev/next-dev-server.js:571:43)
2025-08-10T19:08:43:     at async DevServer.renderPageComponent (/work/consagrados/consagradosajesus/node_modules/next/dist/server/base-server.js:1894:24)
2025-08-10T19:08:43:     at async DevServer.renderToResponseImpl (/work/consagrados/consagradosajesus/node_modules/next/dist/server/base-server.js:1946:32)
2025-08-10T19:08:43:     at async DevServer.pipeImpl (/work/consagrados/consagradosajesus/node_modules/next/dist/server/base-server.js:921:25)
2025-08-10T19:08:43:     at async NextNodeServer.handleCatchallRenderRequest (/work/consagrados/consagradosajesus/node_modules/next/dist/server/next-server.js:272:17)
2025-08-10T19:08:43:     at async DevServer.handleRequestImpl (/work/consagrados/consagradosajesus/node_modules/next/dist/server/base-server.js:817:17)
2025-08-10T19:08:43:     at async /work/consagrados/consagradosajesus/node_modules/next/dist/server/dev/next-dev-server.js:339:20
2025-08-10T19:08:43:     at async Span.traceAsyncFn (/work/consagrados/consagradosajesus/node_modules/next/dist/trace/trace.js:154:20)
2025-08-10T19:08:43:     at async DevServer.handleRequest (/work/consagrados/consagradosajesus/node_modules/next/dist/server/dev/next-dev-server.js:336:24)
2025-08-10T19:08:43:     at async invokeRender (/work/consagrados/consagradosajesus/node_modules/next/dist/server/lib/router-server.js:173:21)
2025-08-10T19:08:43:     at async handleRequest (/work/consagrados/consagradosajesus/node_modules/next/dist/server/lib/router-server.js:350:24)
2025-08-10T19:08:43:     at async requestHandlerImpl (/work/consagrados/consagradosajesus/node_modules/next/dist/server/lib/router-server.js:374:13)
2025-08-10T19:08:43:     at async Server.requestListener (/work/consagrados/consagradosajesus/node_modules/next/dist/server/lib/start-server.js:141:13) {
2025-08-10T19:08:43:   page: '/login'
2025-08-10T19:08:43: }
2025-08-10T19:08:43:  ⨯ SyntaxError: Unexpected end of JSON input
2025-08-10T19:08:43:     at JSON.parse (<anonymous>)
2025-08-10T19:08:43:     at loadManifest (/work/consagrados/consagradosajesus/node_modules/next/dist/server/load-manifest.js:36:25)
2025-08-10T19:08:43:     at DevServer.getNextFontManifest (/work/consagrados/consagradosajesus/node_modules/next/dist/server/next-server.js:744:47)
2025-08-10T19:08:43:     at DevServer.findPageComponents (/work/consagrados/consagradosajesus/node_modules/next/dist/server/dev/next-dev-server.js:571:43)
2025-08-10T19:08:43:     at async DevServer.renderPageComponent (/work/consagrados/consagradosajesus/node_modules/next/dist/server/base-server.js:1894:24)
2025-08-10T19:08:43:     at async DevServer.renderToResponseImpl (/work/consagrados/consagradosajesus/node_modules/next/dist/server/base-server.js:1946:32)
2025-08-10T19:08:43:     at async DevServer.pipeImpl (/work/consagrados/consagradosajesus/node_modules/next/dist/server/base-server.js:921:25)
2025-08-10T19:08:43:     at async NextNodeServer.handleCatchallRenderRequest (/work/consagrados/consagradosajesus/node_modules/next/dist/server/next-server.js:272:17)
2025-08-10T19:08:43:     at async DevServer.handleRequestImpl (/work/consagrados/consagradosajesus/node_modules/next/dist/server/base-server.js:817:17)
2025-08-10T19:08:43:     at async /work/consagrados/consagradosajesus/node_modules/next/dist/server/dev/next-dev-server.js:339:20
2025-08-10T19:08:43:     at async Span.traceAsyncFn (/work/consagrados/consagradosajesus/node_modules/next/dist/trace/trace.js:154:20)
2025-08-10T19:08:43:     at async DevServer.handleRequest (/work/consagrados/consagradosajesus/node_modules/next/dist/server/dev/next-dev-server.js:336:24)
2025-08-10T19:08:43:     at async invokeRender (/work/consagrados/consagradosajesus/node_modules/next/dist/server/lib/router-server.js:173:21)
2025-08-10T19:08:43:     at async handleRequest (/work/consagrados/consagradosajesus/node_modules/next/dist/server/lib/router-server.js:350:24)
2025-08-10T19:08:43:     at async requestHandlerImpl (/work/consagrados/consagradosajesus/node_modules/next/dist/server/lib/router-server.js:374:13)
2025-08-10T19:08:43:     at async Server.requestListener (/work/consagrados/consagradosajesus/node_modules/next/dist/server/lib/start-server.js:141:13) {
2025-08-10T19:08:43:   page: '/login'
2025-08-10T19:08:43: }
2025-08-10T19:08:43:  ⚠ Fast Refresh had to perform a full reload. Read more: https://nextjs.org/docs/messages/fast-refresh-reload
2025-08-10T19:10:46:  ⚠ Fast Refresh had to perform a full reload due to a runtime error.
2025-08-10T19:10:46:  ⚠ Fast Refresh had to perform a full reload due to a runtime error.
2025-08-10T19:10:48:  ⨯ SyntaxError: Unexpected end of JSON input
2025-08-10T19:10:48:     at JSON.parse (<anonymous>)
2025-08-10T19:10:48:     at loadManifest (/work/consagrados/consagradosajesus/node_modules/next/dist/server/load-manifest.js:36:25)
2025-08-10T19:10:48:     at DevServer.getNextFontManifest (/work/consagrados/consagradosajesus/node_modules/next/dist/server/next-server.js:744:47)
2025-08-10T19:10:48:     at DevServer.findPageComponents (/work/consagrados/consagradosajesus/node_modules/next/dist/server/dev/next-dev-server.js:571:43)
2025-08-10T19:10:48:     at async DevServer.renderPageComponent (/work/consagrados/consagradosajesus/node_modules/next/dist/server/base-server.js:1894:24)
2025-08-10T19:10:48:     at async DevServer.renderToResponseImpl (/work/consagrados/consagradosajesus/node_modules/next/dist/server/base-server.js:1946:32)
2025-08-10T19:10:48:     at async DevServer.pipeImpl (/work/consagrados/consagradosajesus/node_modules/next/dist/server/base-server.js:921:25)
2025-08-10T19:10:48:     at async NextNodeServer.handleCatchallRenderRequest (/work/consagrados/consagradosajesus/node_modules/next/dist/server/next-server.js:272:17)
2025-08-10T19:10:48:     at async DevServer.handleRequestImpl (/work/consagrados/consagradosajesus/node_modules/next/dist/server/base-server.js:817:17)
2025-08-10T19:10:48:     at async /work/consagrados/consagradosajesus/node_modules/next/dist/server/dev/next-dev-server.js:339:20
2025-08-10T19:10:48:     at async Span.traceAsyncFn (/work/consagrados/consagradosajesus/node_modules/next/dist/trace/trace.js:154:20)
2025-08-10T19:10:48:     at async DevServer.handleRequest (/work/consagrados/consagradosajesus/node_modules/next/dist/server/dev/next-dev-server.js:336:24)
2025-08-10T19:10:48:     at async invokeRender (/work/consagrados/consagradosajesus/node_modules/next/dist/server/lib/router-server.js:173:21)
2025-08-10T19:10:48:     at async handleRequest (/work/consagrados/consagradosajesus/node_modules/next/dist/server/lib/router-server.js:350:24)
2025-08-10T19:10:48:     at async requestHandlerImpl (/work/consagrados/consagradosajesus/node_modules/next/dist/server/lib/router-server.js:374:13)
2025-08-10T19:10:48:     at async Server.requestListener (/work/consagrados/consagradosajesus/node_modules/next/dist/server/lib/start-server.js:141:13) {
2025-08-10T19:10:48:   page: '/login'
2025-08-10T19:10:48: }
2025-08-10T19:10:57:  ⚠ Fast Refresh had to perform a full reload. Read more: https://nextjs.org/docs/messages/fast-refresh-reload
2025-08-10T19:11:08:  ⨯ SyntaxError: Unexpected end of JSON input
2025-08-10T19:11:08:     at JSON.parse (<anonymous>)
2025-08-10T19:11:08:     at loadManifest (/work/consagrados/consagradosajesus/node_modules/next/dist/server/load-manifest.js:36:25)
2025-08-10T19:11:08:     at DevServer.getNextFontManifest (/work/consagrados/consagradosajesus/node_modules/next/dist/server/next-server.js:744:47)
2025-08-10T19:11:08:     at DevServer.findPageComponents (/work/consagrados/consagradosajesus/node_modules/next/dist/server/dev/next-dev-server.js:571:43)
2025-08-10T19:11:08:     at async DevServer.renderPageComponent (/work/consagrados/consagradosajesus/node_modules/next/dist/server/base-server.js:1894:24)
2025-08-10T19:11:08:     at async DevServer.renderToResponseImpl (/work/consagrados/consagradosajesus/node_modules/next/dist/server/base-server.js:1946:32)
2025-08-10T19:11:08:     at async DevServer.pipeImpl (/work/consagrados/consagradosajesus/node_modules/next/dist/server/base-server.js:921:25)
2025-08-10T19:11:08:     at async NextNodeServer.handleCatchallRenderRequest (/work/consagrados/consagradosajesus/node_modules/next/dist/server/next-server.js:272:17)
2025-08-10T19:11:08:     at async DevServer.handleRequestImpl (/work/consagrados/consagradosajesus/node_modules/next/dist/server/base-server.js:817:17)
2025-08-10T19:11:08:     at async /work/consagrados/consagradosajesus/node_modules/next/dist/server/dev/next-dev-server.js:339:20
2025-08-10T19:11:08:     at async Span.traceAsyncFn (/work/consagrados/consagradosajesus/node_modules/next/dist/trace/trace.js:154:20)
2025-08-10T19:11:08:     at async DevServer.handleRequest (/work/consagrados/consagradosajesus/node_modules/next/dist/server/dev/next-dev-server.js:336:24)
2025-08-10T19:11:08:     at async invokeRender (/work/consagrados/consagradosajesus/node_modules/next/dist/server/lib/router-server.js:173:21)
2025-08-10T19:11:08:     at async handleRequest (/work/consagrados/consagradosajesus/node_modules/next/dist/server/lib/router-server.js:350:24)
2025-08-10T19:11:08:     at async requestHandlerImpl (/work/consagrados/consagradosajesus/node_modules/next/dist/server/lib/router-server.js:374:13)
2025-08-10T19:11:08:     at async Server.requestListener (/work/consagrados/consagradosajesus/node_modules/next/dist/server/lib/start-server.js:141:13) {
2025-08-10T19:11:08:   page: '/login'
2025-08-10T19:11:08: }
2025-08-10T19:12:33:  ⨯ SyntaxError: Unexpected end of JSON input
2025-08-10T19:12:33:     at JSON.parse (<anonymous>)
2025-08-10T19:12:33:     at loadManifest (/work/consagrados/consagradosajesus/node_modules/next/dist/server/load-manifest.js:36:25)
2025-08-10T19:12:33:     at DevServer.getNextFontManifest (/work/consagrados/consagradosajesus/node_modules/next/dist/server/next-server.js:744:47)
2025-08-10T19:12:33:     at DevServer.findPageComponents (/work/consagrados/consagradosajesus/node_modules/next/dist/server/dev/next-dev-server.js:571:43)
2025-08-10T19:12:33:     at async DevServer.renderPageComponent (/work/consagrados/consagradosajesus/node_modules/next/dist/server/base-server.js:1894:24)
2025-08-10T19:12:33:     at async DevServer.renderToResponseImpl (/work/consagrados/consagradosajesus/node_modules/next/dist/server/base-server.js:1946:32)
2025-08-10T19:12:33:     at async DevServer.pipeImpl (/work/consagrados/consagradosajesus/node_modules/next/dist/server/base-server.js:921:25)
2025-08-10T19:12:33:     at async NextNodeServer.handleCatchallRenderRequest (/work/consagrados/consagradosajesus/node_modules/next/dist/server/next-server.js:272:17)
2025-08-10T19:12:33:     at async DevServer.handleRequestImpl (/work/consagrados/consagradosajesus/node_modules/next/dist/server/base-server.js:817:17)
2025-08-10T19:12:33:     at async /work/consagrados/consagradosajesus/node_modules/next/dist/server/dev/next-dev-server.js:339:20
2025-08-10T19:12:33:     at async Span.traceAsyncFn (/work/consagrados/consagradosajesus/node_modules/next/dist/trace/trace.js:154:20)
2025-08-10T19:12:33:     at async DevServer.handleRequest (/work/consagrados/consagradosajesus/node_modules/next/dist/server/dev/next-dev-server.js:336:24)
2025-08-10T19:12:33:     at async invokeRender (/work/consagrados/consagradosajesus/node_modules/next/dist/server/lib/router-server.js:173:21)
2025-08-10T19:12:33:     at async handleRequest (/work/consagrados/consagradosajesus/node_modules/next/dist/server/lib/router-server.js:350:24)
2025-08-10T19:12:33:     at async requestHandlerImpl (/work/consagrados/consagradosajesus/node_modules/next/dist/server/lib/router-server.js:374:13)
2025-08-10T19:12:33:     at async Server.requestListener (/work/consagrados/consagradosajesus/node_modules/next/dist/server/lib/start-server.js:141:13) {
2025-08-10T19:12:33:   page: '/login'
2025-08-10T19:12:33: }
2025-08-10T19:14:36:  ⚠ Fast Refresh had to perform a full reload due to a runtime error.
2025-08-10T19:15:51:  ⚠ Found a change in next.config.mjs. Restarting the server to apply the changes...
2025-08-10T19:54:47:  ⚠ Fast Refresh had to perform a full reload due to a runtime error.
2025-08-10T19:57:49:  ⚠ Fast Refresh had to perform a full reload due to a runtime error.
2025-08-11T02:47:24:  ⨯ SyntaxError: Unexpected end of JSON input
2025-08-11T02:47:24:     at JSON.parse (<anonymous>)
2025-08-11T02:47:24:     at loadManifest (/work/consagrados/consagradosajesus/node_modules/next/dist/server/load-manifest.js:36:25)
2025-08-11T02:47:24:     at DevServer.getNextFontManifest (/work/consagrados/consagradosajesus/node_modules/next/dist/server/next-server.js:744:47)
2025-08-11T02:47:24:     at DevServer.findPageComponents (/work/consagrados/consagradosajesus/node_modules/next/dist/server/dev/next-dev-server.js:571:43)
2025-08-11T02:47:24:     at async DevServer.renderPageComponent (/work/consagrados/consagradosajesus/node_modules/next/dist/server/base-server.js:1894:24)
2025-08-11T02:47:24:     at async DevServer.renderToResponseImpl (/work/consagrados/consagradosajesus/node_modules/next/dist/server/base-server.js:1946:32)
2025-08-11T02:47:24:     at async DevServer.pipeImpl (/work/consagrados/consagradosajesus/node_modules/next/dist/server/base-server.js:921:25)
2025-08-11T02:47:24:     at async NextNodeServer.handleCatchallRenderRequest (/work/consagrados/consagradosajesus/node_modules/next/dist/server/next-server.js:272:17)
2025-08-11T02:47:24:     at async DevServer.handleRequestImpl (/work/consagrados/consagradosajesus/node_modules/next/dist/server/base-server.js:817:17)
2025-08-11T02:47:24:     at async /work/consagrados/consagradosajesus/node_modules/next/dist/server/dev/next-dev-server.js:339:20
2025-08-11T02:47:24:     at async Span.traceAsyncFn (/work/consagrados/consagradosajesus/node_modules/next/dist/trace/trace.js:154:20)
2025-08-11T02:47:24:     at async DevServer.handleRequest (/work/consagrados/consagradosajesus/node_modules/next/dist/server/dev/next-dev-server.js:336:24)
2025-08-11T02:47:24:     at async invokeRender (/work/consagrados/consagradosajesus/node_modules/next/dist/server/lib/router-server.js:173:21)
2025-08-11T02:47:24:     at async handleRequest (/work/consagrados/consagradosajesus/node_modules/next/dist/server/lib/router-server.js:350:24)
2025-08-11T02:47:24:     at async requestHandlerImpl (/work/consagrados/consagradosajesus/node_modules/next/dist/server/lib/router-server.js:374:13)
2025-08-11T02:47:24:     at async Server.requestListener (/work/consagrados/consagradosajesus/node_modules/next/dist/server/lib/start-server.js:141:13) {
2025-08-11T02:47:24:   page: '/app/orders'
2025-08-11T02:47:24: }
2025-08-11T02:49:29:  ⚠ Fast Refresh had to perform a full reload due to a runtime error.
2025-08-11T02:51:31:  ⚠ Fast Refresh had to perform a full reload due to a runtime error.
2025-08-11T02:53:33:  ⚠ Fast Refresh had to perform a full reload due to a runtime error.
2025-08-11T02:55:35:  ⚠ Fast Refresh had to perform a full reload due to a runtime error.
2025-08-11T02:57:37:  ⚠ Fast Refresh had to perform a full reload due to a runtime error.
2025-08-11T02:59:39:  ⚠ Fast Refresh had to perform a full reload due to a runtime error.
2025-08-11T03:01:41:  ⚠ Fast Refresh had to perform a full reload due to a runtime error.
2025-08-11T03:03:43:  ⚠ Fast Refresh had to perform a full reload due to a runtime error.
2025-08-11T03:05:45:  ⚠ Fast Refresh had to perform a full reload due to a runtime error.
2025-08-11T03:07:47:  ⚠ Fast Refresh had to perform a full reload due to a runtime error.
2025-08-11T03:09:49:  ⚠ Fast Refresh had to perform a full reload due to a runtime error.
2025-08-11T03:11:51:  ⚠ Fast Refresh had to perform a full reload due to a runtime error.
2025-08-11T03:13:53:  ⚠ Fast Refresh had to perform a full reload due to a runtime error.
2025-08-11T03:15:55:  ⚠ Fast Refresh had to perform a full reload due to a runtime error.
2025-08-11T03:17:57:  ⚠ Fast Refresh had to perform a full reload due to a runtime error.
2025-08-11T03:19:59:  ⚠ Fast Refresh had to perform a full reload due to a runtime error.
2025-08-11T03:22:01:  ⚠ Fast Refresh had to perform a full reload due to a runtime error.
2025-08-11T03:24:03:  ⚠ Fast Refresh had to perform a full reload due to a runtime error.
2025-08-11T03:26:05:  ⚠ Fast Refresh had to perform a full reload due to a runtime error.
2025-08-11T03:28:07:  ⚠ Fast Refresh had to perform a full reload due to a runtime error.
2025-08-11T03:30:09:  ⚠ Fast Refresh had to perform a full reload due to a runtime error.
2025-08-11T03:32:11:  ⚠ Fast Refresh had to perform a full reload due to a runtime error.
2025-08-11T03:34:13:  ⚠ Fast Refresh had to perform a full reload due to a runtime error.
2025-08-11T03:36:15:  ⚠ Fast Refresh had to perform a full reload due to a runtime error.
2025-08-11T03:38:17:  ⚠ Fast Refresh had to perform a full reload due to a runtime error.
2025-08-11T03:40:19:  ⚠ Fast Refresh had to perform a full reload due to a runtime error.
2025-08-11T03:42:21:  ⚠ Fast Refresh had to perform a full reload due to a runtime error.
2025-08-11T03:44:23:  ⚠ Fast Refresh had to perform a full reload due to a runtime error.
2025-08-11T03:46:25:  ⚠ Fast Refresh had to perform a full reload due to a runtime error.
2025-08-11T03:48:27:  ⚠ Fast Refresh had to perform a full reload due to a runtime error.
2025-08-11T03:50:29:  ⚠ Fast Refresh had to perform a full reload due to a runtime error.
2025-08-11T03:52:31:  ⚠ Fast Refresh had to perform a full reload due to a runtime error.
2025-08-11T03:54:33:  ⚠ Fast Refresh had to perform a full reload due to a runtime error.
2025-08-11T03:56:35:  ⚠ Fast Refresh had to perform a full reload due to a runtime error.
2025-08-11T03:58:37:  ⚠ Fast Refresh had to perform a full reload due to a runtime error.
2025-08-11T04:00:39:  ⚠ Fast Refresh had to perform a full reload due to a runtime error.
2025-08-11T04:02:41:  ⚠ Fast Refresh had to perform a full reload due to a runtime error.
2025-08-11T04:04:43:  ⚠ Fast Refresh had to perform a full reload due to a runtime error.
2025-08-11T04:06:45:  ⚠ Fast Refresh had to perform a full reload due to a runtime error.
2025-08-11T04:08:47:  ⚠ Fast Refresh had to perform a full reload due to a runtime error.
2025-08-11T04:10:49:  ⚠ Fast Refresh had to perform a full reload due to a runtime error.
2025-08-11T04:12:51:  ⚠ Fast Refresh had to perform a full reload due to a runtime error.
2025-08-11T04:14:53:  ⚠ Fast Refresh had to perform a full reload due to a runtime error.
2025-08-11T04:16:55:  ⚠ Fast Refresh had to perform a full reload due to a runtime error.
2025-08-11T04:18:57:  ⚠ Fast Refresh had to perform a full reload due to a runtime error.
2025-08-11T04:20:59:  ⚠ Fast Refresh had to perform a full reload due to a runtime error.
2025-08-11T04:23:01:  ⚠ Fast Refresh had to perform a full reload due to a runtime error.
2025-08-11T04:25:03:  ⚠ Fast Refresh had to perform a full reload due to a runtime error.
2025-08-11T04:27:05:  ⚠ Fast Refresh had to perform a full reload due to a runtime error.
2025-08-11T04:29:07:  ⚠ Fast Refresh had to perform a full reload due to a runtime error.
2025-08-11T04:31:09:  ⚠ Fast Refresh had to perform a full reload due to a runtime error.
2025-08-11T04:33:11:  ⚠ Fast Refresh had to perform a full reload due to a runtime error.
2025-08-11T04:35:13:  ⚠ Fast Refresh had to perform a full reload due to a runtime error.
2025-08-11T04:37:15:  ⚠ Fast Refresh had to perform a full reload due to a runtime error.
2025-08-11T04:39:17:  ⚠ Fast Refresh had to perform a full reload due to a runtime error.
2025-08-11T04:41:19:  ⚠ Fast Refresh had to perform a full reload due to a runtime error.
2025-08-11T04:43:21:  ⚠ Fast Refresh had to perform a full reload due to a runtime error.
2025-08-11T04:45:23:  ⚠ Fast Refresh had to perform a full reload due to a runtime error.
2025-08-11T04:47:25:  ⚠ Fast Refresh had to perform a full reload due to a runtime error.
2025-08-11T04:49:27:  ⚠ Fast Refresh had to perform a full reload due to a runtime error.
2025-08-11T04:51:29:  ⚠ Fast Refresh had to perform a full reload due to a runtime error.
2025-08-11T04:53:31:  ⚠ Fast Refresh had to perform a full reload due to a runtime error.
2025-08-11T04:55:33:  ⚠ Fast Refresh had to perform a full reload due to a runtime error.
2025-08-11T04:57:35:  ⚠ Fast Refresh had to perform a full reload due to a runtime error.
2025-08-11T04:59:36:  ⚠ Fast Refresh had to perform a full reload due to a runtime error.
2025-08-11T05:01:38:  ⚠ Fast Refresh had to perform a full reload due to a runtime error.
2025-08-11T05:03:40:  ⚠ Fast Refresh had to perform a full reload due to a runtime error.
2025-08-11T05:05:42:  ⚠ Fast Refresh had to perform a full reload due to a runtime error.
2025-08-11T05:07:44:  ⚠ Fast Refresh had to perform a full reload due to a runtime error.
2025-08-11T05:09:46:  ⚠ Fast Refresh had to perform a full reload due to a runtime error.
2025-08-11T05:11:48:  ⚠ Fast Refresh had to perform a full reload due to a runtime error.
2025-08-11T05:13:50:  ⚠ Fast Refresh had to perform a full reload due to a runtime error.
2025-08-11T05:15:52:  ⚠ Fast Refresh had to perform a full reload due to a runtime error.
2025-08-11T05:17:54:  ⚠ Fast Refresh had to perform a full reload due to a runtime error.
2025-08-11T05:19:56:  ⚠ Fast Refresh had to perform a full reload due to a runtime error.
2025-08-11T05:21:58:  ⚠ Fast Refresh had to perform a full reload due to a runtime error.
2025-08-11T05:24:00:  ⚠ Fast Refresh had to perform a full reload due to a runtime error.
2025-08-11T05:26:02:  ⚠ Fast Refresh had to perform a full reload due to a runtime error.
2025-08-11T05:28:04:  ⚠ Fast Refresh had to perform a full reload due to a runtime error.
2025-08-11T05:32:08:  ⚠ Fast Refresh had to perform a full reload due to a runtime error.
2025-08-11T05:34:10:  ⚠ Fast Refresh had to perform a full reload due to a runtime error.
2025-08-11T05:36:12:  ⚠ Fast Refresh had to perform a full reload due to a runtime error.
2025-08-11T05:38:14:  ⚠ Fast Refresh had to perform a full reload due to a runtime error.
2025-08-11T05:42:18:  ⚠ Fast Refresh had to perform a full reload due to a runtime error.
2025-08-11T05:44:20:  ⚠ Fast Refresh had to perform a full reload due to a runtime error.
2025-08-11T05:46:22:  ⚠ Fast Refresh had to perform a full reload due to a runtime error.
2025-08-11T05:48:24:  ⚠ Fast Refresh had to perform a full reload due to a runtime error.
2025-08-11T05:50:26:  ⚠ Fast Refresh had to perform a full reload due to a runtime error.
2025-08-11T05:52:28:  ⚠ Fast Refresh had to perform a full reload due to a runtime error.
2025-08-11T05:54:30:  ⚠ Fast Refresh had to perform a full reload due to a runtime error.
2025-08-11T05:56:32:  ⚠ Fast Refresh had to perform a full reload due to a runtime error.
2025-08-11T05:58:34:  ⚠ Fast Refresh had to perform a full reload due to a runtime error.
2025-08-11T06:00:36:  ⚠ Fast Refresh had to perform a full reload due to a runtime error.
2025-08-11T06:02:38:  ⚠ Fast Refresh had to perform a full reload due to a runtime error.
2025-08-11T06:04:40:  ⚠ Fast Refresh had to perform a full reload due to a runtime error.
2025-08-11T06:06:42:  ⚠ Fast Refresh had to perform a full reload due to a runtime error.
2025-08-11T06:08:44:  ⚠ Fast Refresh had to perform a full reload due to a runtime error.
2025-08-11T06:10:46:  ⚠ Fast Refresh had to perform a full reload due to a runtime error.
2025-08-11T06:12:49:  ⚠ Fast Refresh had to perform a full reload due to a runtime error.
2025-08-11T06:14:51:  ⚠ Fast Refresh had to perform a full reload due to a runtime error.
2025-08-11T06:16:53:  ⚠ Fast Refresh had to perform a full reload due to a runtime error.
2025-08-11T06:18:55:  ⚠ Fast Refresh had to perform a full reload due to a runtime error.
2025-08-11T06:20:57:  ⚠ Fast Refresh had to perform a full reload due to a runtime error.
2025-08-11T06:22:59:  ⚠ Fast Refresh had to perform a full reload due to a runtime error.
2025-08-11T06:25:02:  ⚠ Fast Refresh had to perform a full reload due to a runtime error.
2025-08-11T06:27:04:  ⚠ Fast Refresh had to perform a full reload due to a runtime error.
2025-08-11T06:29:06:  ⚠ Fast Refresh had to perform a full reload due to a runtime error.
2025-08-11T06:31:12:  ⚠ Fast Refresh had to perform a full reload due to a runtime error.
2025-08-11T06:33:14:  ⚠ Fast Refresh had to perform a full reload due to a runtime error.
2025-08-11T06:35:16:  ⚠ Fast Refresh had to perform a full reload due to a runtime error.
2025-08-11T06:37:18:  ⚠ Fast Refresh had to perform a full reload due to a runtime error.
2025-08-11T06:39:20:  ⚠ Fast Refresh had to perform a full reload due to a runtime error.
2025-08-11T06:41:22:  ⚠ Fast Refresh had to perform a full reload due to a runtime error.
2025-08-11T06:43:24:  ⚠ Fast Refresh had to perform a full reload due to a runtime error.
2025-08-11T06:45:26:  ⚠ Fast Refresh had to perform a full reload due to a runtime error.
2025-08-11T06:47:28:  ⚠ Fast Refresh had to perform a full reload due to a runtime error.
2025-08-11T06:49:30:  ⚠ Fast Refresh had to perform a full reload due to a runtime error.
2025-08-11T06:49:32:  ⚠ Fast Refresh had to perform a full reload due to a runtime error.
2025-08-11T06:51:34:  ⚠ Fast Refresh had to perform a full reload due to a runtime error.
2025-08-11T06:53:36:  ⚠ Fast Refresh had to perform a full reload due to a runtime error.
2025-08-11T06:55:38:  ⚠ Fast Refresh had to perform a full reload due to a runtime error.
2025-08-11T06:57:40:  ⚠ Fast Refresh had to perform a full reload due to a runtime error.
2025-08-11T06:59:42:  ⚠ Fast Refresh had to perform a full reload due to a runtime error.
2025-08-11T09:27:45:  ⚠ Fast Refresh had to perform a full reload due to a runtime error.
2025-08-11T09:30:34:  ⚠ Fast Refresh had to perform a full reload due to a runtime error.
2025-08-11T09:32:01:  ⚠ Fast Refresh had to perform a full reload due to a runtime error.
2025-08-12T01:54:21:  ⨯ Failed to start server
2025-08-12T01:54:21: Error: listen EADDRINUSE: address already in use :::3000
2025-08-12T01:54:21:     at Server.setupListenHandle [as _listen2] (node:net:1940:16)
2025-08-12T01:54:21:     at listenInCluster (node:net:1997:12)
2025-08-12T01:54:21:     at Server.listen (node:net:2102:7)
2025-08-12T01:54:21:     at /work/consagrados/consagradosajesus/node_modules/next/dist/server/lib/start-server.js:280:16
2025-08-12T01:54:21:     at new Promise (<anonymous>)
2025-08-12T01:54:21:     at startServer (/work/consagrados/consagradosajesus/node_modules/next/dist/server/lib/start-server.js:191:11)
2025-08-12T01:54:21:     at /work/consagrados/consagradosajesus/node_modules/next/dist/server/lib/start-server.js:310:52
2025-08-12T01:54:21:     at Span.traceAsyncFn (/work/consagrados/consagradosajesus/node_modules/next/dist/trace/trace.js:154:26)
2025-08-12T01:54:21:     at process.<anonymous> (/work/consagrados/consagradosajesus/node_modules/next/dist/server/lib/start-server.js:310:35)
2025-08-12T01:54:21:     at process.emit (node:events:518:28) {
2025-08-12T01:54:21:   code: 'EADDRINUSE',
2025-08-12T01:54:21:   errno: -98,
2025-08-12T01:54:21:   syscall: 'listen',
2025-08-12T01:54:21:   address: '::',
2025-08-12T01:54:21:   port: 3000
2025-08-12T01:54:21: }
2025-08-12T01:54:22:  ⨯ Failed to start server
2025-08-12T01:54:22: Error: listen EADDRINUSE: address already in use :::3000
2025-08-12T01:54:22:     at Server.setupListenHandle [as _listen2] (node:net:1940:16)
2025-08-12T01:54:22:     at listenInCluster (node:net:1997:12)
2025-08-12T01:54:22:     at Server.listen (node:net:2102:7)
2025-08-12T01:54:22:     at /work/consagrados/consagradosajesus/node_modules/next/dist/server/lib/start-server.js:280:16
2025-08-12T01:54:22:     at new Promise (<anonymous>)
2025-08-12T01:54:22:     at startServer (/work/consagrados/consagradosajesus/node_modules/next/dist/server/lib/start-server.js:191:11)
2025-08-12T01:54:22:     at /work/consagrados/consagradosajesus/node_modules/next/dist/server/lib/start-server.js:310:52
2025-08-12T01:54:22:     at Span.traceAsyncFn (/work/consagrados/consagradosajesus/node_modules/next/dist/trace/trace.js:154:26)
2025-08-12T01:54:22:     at process.<anonymous> (/work/consagrados/consagradosajesus/node_modules/next/dist/server/lib/start-server.js:310:35)
2025-08-12T01:54:22:     at process.emit (node:events:518:28) {
2025-08-12T01:54:22:   code: 'EADDRINUSE',
2025-08-12T01:54:22:   errno: -98,
2025-08-12T01:54:22:   syscall: 'listen',
2025-08-12T01:54:22:   address: '::',
2025-08-12T01:54:22:   port: 3000
2025-08-12T01:54:22: }
2025-08-12T01:54:23:  ⨯ Failed to start server
2025-08-12T01:54:23: Error: listen EADDRINUSE: address already in use :::3000
2025-08-12T01:54:23:     at Server.setupListenHandle [as _listen2] (node:net:1940:16)
2025-08-12T01:54:23:     at listenInCluster (node:net:1997:12)
2025-08-12T01:54:23:     at Server.listen (node:net:2102:7)
2025-08-12T01:54:23:     at /work/consagrados/consagradosajesus/node_modules/next/dist/server/lib/start-server.js:280:16
2025-08-12T01:54:23:     at new Promise (<anonymous>)
2025-08-12T01:54:23:     at startServer (/work/consagrados/consagradosajesus/node_modules/next/dist/server/lib/start-server.js:191:11)
2025-08-12T01:54:23:     at /work/consagrados/consagradosajesus/node_modules/next/dist/server/lib/start-server.js:310:52
2025-08-12T01:54:23:     at Span.traceAsyncFn (/work/consagrados/consagradosajesus/node_modules/next/dist/trace/trace.js:154:26)
2025-08-12T01:54:23:     at process.<anonymous> (/work/consagrados/consagradosajesus/node_modules/next/dist/server/lib/start-server.js:310:35)
2025-08-12T01:54:23:     at process.emit (node:events:518:28) {
2025-08-12T01:54:23:   code: 'EADDRINUSE',
2025-08-12T01:54:23:   errno: -98,
2025-08-12T01:54:23:   syscall: 'listen',
2025-08-12T01:54:23:   address: '::',
2025-08-12T01:54:23:   port: 3000
2025-08-12T01:54:23: }
2025-08-12T01:54:23:  ⨯ Failed to start server
2025-08-12T01:54:23: Error: listen EADDRINUSE: address already in use :::3000
2025-08-12T01:54:23:     at Server.setupListenHandle [as _listen2] (node:net:1940:16)
2025-08-12T01:54:23:     at listenInCluster (node:net:1997:12)
2025-08-12T01:54:23:     at Server.listen (node:net:2102:7)
2025-08-12T01:54:23:     at /work/consagrados/consagradosajesus/node_modules/next/dist/server/lib/start-server.js:280:16
2025-08-12T01:54:23:     at new Promise (<anonymous>)
2025-08-12T01:54:23:     at startServer (/work/consagrados/consagradosajesus/node_modules/next/dist/server/lib/start-server.js:191:11)
2025-08-12T01:54:23:     at /work/consagrados/consagradosajesus/node_modules/next/dist/server/lib/start-server.js:310:52
2025-08-12T01:54:23:     at Span.traceAsyncFn (/work/consagrados/consagradosajesus/node_modules/next/dist/trace/trace.js:154:26)
2025-08-12T01:54:23:     at process.<anonymous> (/work/consagrados/consagradosajesus/node_modules/next/dist/server/lib/start-server.js:310:35)
2025-08-12T01:54:23:     at process.emit (node:events:518:28) {
2025-08-12T01:54:23:   code: 'EADDRINUSE',
2025-08-12T01:54:23:   errno: -98,
2025-08-12T01:54:23:   syscall: 'listen',
2025-08-12T01:54:23:   address: '::',
2025-08-12T01:54:23:   port: 3000
2025-08-12T01:54:23: }
2025-08-12T01:54:24:  ⨯ Failed to start server
2025-08-12T01:54:24: Error: listen EADDRINUSE: address already in use :::3000
2025-08-12T01:54:24:     at Server.setupListenHandle [as _listen2] (node:net:1940:16)
2025-08-12T01:54:24:     at listenInCluster (node:net:1997:12)
2025-08-12T01:54:24:     at Server.listen (node:net:2102:7)
2025-08-12T01:54:24:     at /work/consagrados/consagradosajesus/node_modules/next/dist/server/lib/start-server.js:280:16
2025-08-12T01:54:24:     at new Promise (<anonymous>)
2025-08-12T01:54:24:     at startServer (/work/consagrados/consagradosajesus/node_modules/next/dist/server/lib/start-server.js:191:11)
2025-08-12T01:54:24:     at /work/consagrados/consagradosajesus/node_modules/next/dist/server/lib/start-server.js:310:52
2025-08-12T01:54:24:     at Span.traceAsyncFn (/work/consagrados/consagradosajesus/node_modules/next/dist/trace/trace.js:154:26)
2025-08-12T01:54:24:     at process.<anonymous> (/work/consagrados/consagradosajesus/node_modules/next/dist/server/lib/start-server.js:310:35)
2025-08-12T01:54:24:     at process.emit (node:events:518:28) {
2025-08-12T01:54:24:   code: 'EADDRINUSE',
2025-08-12T01:54:24:   errno: -98,
2025-08-12T01:54:24:   syscall: 'listen',
2025-08-12T01:54:24:   address: '::',
2025-08-12T01:54:24:   port: 3000
2025-08-12T01:54:24: }
2025-08-12T01:54:24:  ⨯ Failed to start server
2025-08-12T01:54:24: Error: listen EADDRINUSE: address already in use :::3000
2025-08-12T01:54:24:     at Server.setupListenHandle [as _listen2] (node:net:1940:16)
2025-08-12T01:54:24:     at listenInCluster (node:net:1997:12)
2025-08-12T01:54:24:     at Server.listen (node:net:2102:7)
2025-08-12T01:54:24:     at /work/consagrados/consagradosajesus/node_modules/next/dist/server/lib/start-server.js:280:16
2025-08-12T01:54:24:     at new Promise (<anonymous>)
2025-08-12T01:54:24:     at startServer (/work/consagrados/consagradosajesus/node_modules/next/dist/server/lib/start-server.js:191:11)
2025-08-12T01:54:24:     at /work/consagrados/consagradosajesus/node_modules/next/dist/server/lib/start-server.js:310:52
2025-08-12T01:54:24:     at Span.traceAsyncFn (/work/consagrados/consagradosajesus/node_modules/next/dist/trace/trace.js:154:26)
2025-08-12T01:54:24:     at process.<anonymous> (/work/consagrados/consagradosajesus/node_modules/next/dist/server/lib/start-server.js:310:35)
2025-08-12T01:54:24:     at process.emit (node:events:518:28) {
2025-08-12T01:54:24:   code: 'EADDRINUSE',
2025-08-12T01:54:24:   errno: -98,
2025-08-12T01:54:24:   syscall: 'listen',
2025-08-12T01:54:24:   address: '::',
2025-08-12T01:54:24:   port: 3000
2025-08-12T01:54:24: }
2025-08-12T01:54:25:  ⨯ Failed to start server
2025-08-12T01:54:25: Error: listen EADDRINUSE: address already in use :::3000
2025-08-12T01:54:25:     at Server.setupListenHandle [as _listen2] (node:net:1940:16)
2025-08-12T01:54:25:     at listenInCluster (node:net:1997:12)
2025-08-12T01:54:25:     at Server.listen (node:net:2102:7)
2025-08-12T01:54:25:     at /work/consagrados/consagradosajesus/node_modules/next/dist/server/lib/start-server.js:280:16
2025-08-12T01:54:25:     at new Promise (<anonymous>)
2025-08-12T01:54:25:     at startServer (/work/consagrados/consagradosajesus/node_modules/next/dist/server/lib/start-server.js:191:11)
2025-08-12T01:54:25:     at /work/consagrados/consagradosajesus/node_modules/next/dist/server/lib/start-server.js:310:52
2025-08-12T01:54:25:     at Span.traceAsyncFn (/work/consagrados/consagradosajesus/node_modules/next/dist/trace/trace.js:154:26)
2025-08-12T01:54:25:     at process.<anonymous> (/work/consagrados/consagradosajesus/node_modules/next/dist/server/lib/start-server.js:310:35)
2025-08-12T01:54:25:     at process.emit (node:events:518:28) {
2025-08-12T01:54:25:   code: 'EADDRINUSE',
2025-08-12T01:54:25:   errno: -98,
2025-08-12T01:54:25:   syscall: 'listen',
2025-08-12T01:54:25:   address: '::',
2025-08-12T01:54:25:   port: 3000
2025-08-12T01:54:25: }
2025-08-12T01:54:25:  ⨯ Failed to start server
2025-08-12T01:54:25: Error: listen EADDRINUSE: address already in use :::3000
2025-08-12T01:54:25:     at Server.setupListenHandle [as _listen2] (node:net:1940:16)
2025-08-12T01:54:25:     at listenInCluster (node:net:1997:12)
2025-08-12T01:54:25:     at Server.listen (node:net:2102:7)
2025-08-12T01:54:25:     at /work/consagrados/consagradosajesus/node_modules/next/dist/server/lib/start-server.js:280:16
2025-08-12T01:54:25:     at new Promise (<anonymous>)
2025-08-12T01:54:25:     at startServer (/work/consagrados/consagradosajesus/node_modules/next/dist/server/lib/start-server.js:191:11)
2025-08-12T01:54:25:     at /work/consagrados/consagradosajesus/node_modules/next/dist/server/lib/start-server.js:310:52
2025-08-12T01:54:25:     at Span.traceAsyncFn (/work/consagrados/consagradosajesus/node_modules/next/dist/trace/trace.js:154:26)
2025-08-12T01:54:25:     at process.<anonymous> (/work/consagrados/consagradosajesus/node_modules/next/dist/server/lib/start-server.js:310:35)
2025-08-12T01:54:25:     at process.emit (node:events:518:28) {
2025-08-12T01:54:25:   code: 'EADDRINUSE',
2025-08-12T01:54:25:   errno: -98,
2025-08-12T01:54:25:   syscall: 'listen',
2025-08-12T01:54:25:   address: '::',
2025-08-12T01:54:25:   port: 3000
2025-08-12T01:54:25: }
2025-08-12T01:54:26:  ⨯ Failed to start server
2025-08-12T01:54:26: Error: listen EADDRINUSE: address already in use :::3000
2025-08-12T01:54:26:     at Server.setupListenHandle [as _listen2] (node:net:1940:16)
2025-08-12T01:54:26:     at listenInCluster (node:net:1997:12)
2025-08-12T01:54:26:     at Server.listen (node:net:2102:7)
2025-08-12T01:54:26:     at /work/consagrados/consagradosajesus/node_modules/next/dist/server/lib/start-server.js:280:16
2025-08-12T01:54:26:     at new Promise (<anonymous>)
2025-08-12T01:54:26:     at startServer (/work/consagrados/consagradosajesus/node_modules/next/dist/server/lib/start-server.js:191:11)
2025-08-12T01:54:26:     at /work/consagrados/consagradosajesus/node_modules/next/dist/server/lib/start-server.js:310:52
2025-08-12T01:54:26:     at Span.traceAsyncFn (/work/consagrados/consagradosajesus/node_modules/next/dist/trace/trace.js:154:26)
2025-08-12T01:54:26:     at process.<anonymous> (/work/consagrados/consagradosajesus/node_modules/next/dist/server/lib/start-server.js:310:35)
2025-08-12T01:54:26:     at process.emit (node:events:518:28) {
2025-08-12T01:54:26:   code: 'EADDRINUSE',
2025-08-12T01:54:26:   errno: -98,
2025-08-12T01:54:26:   syscall: 'listen',
2025-08-12T01:54:26:   address: '::',
2025-08-12T01:54:26:   port: 3000
2025-08-12T01:54:26: }
2025-08-12T01:54:26:  ⨯ Failed to start server
2025-08-12T01:54:26: Error: listen EADDRINUSE: address already in use :::3000
2025-08-12T01:54:26:     at Server.setupListenHandle [as _listen2] (node:net:1940:16)
2025-08-12T01:54:26:     at listenInCluster (node:net:1997:12)
2025-08-12T01:54:26:     at Server.listen (node:net:2102:7)
2025-08-12T01:54:26:     at /work/consagrados/consagradosajesus/node_modules/next/dist/server/lib/start-server.js:280:16
2025-08-12T01:54:26:     at new Promise (<anonymous>)
2025-08-12T01:54:26:     at startServer (/work/consagrados/consagradosajesus/node_modules/next/dist/server/lib/start-server.js:191:11)
2025-08-12T01:54:26:     at /work/consagrados/consagradosajesus/node_modules/next/dist/server/lib/start-server.js:310:52
2025-08-12T01:54:26:     at Span.traceAsyncFn (/work/consagrados/consagradosajesus/node_modules/next/dist/trace/trace.js:154:26)
2025-08-12T01:54:26:     at process.<anonymous> (/work/consagrados/consagradosajesus/node_modules/next/dist/server/lib/start-server.js:310:35)
2025-08-12T01:54:26:     at process.emit (node:events:518:28) {
2025-08-12T01:54:26:   code: 'EADDRINUSE',
2025-08-12T01:54:26:   errno: -98,
2025-08-12T01:54:26:   syscall: 'listen',
2025-08-12T01:54:26:   address: '::',
2025-08-12T01:54:26:   port: 3000
2025-08-12T01:54:26: }
